<?xml version="1.0" encoding="UTF-8"?>
<testng-results ignored="0" total="1" passed="1" failed="0" skipped="0">
  <reporter-output>
  </reporter-output>
  <suite started-at="2024-10-01T21:15:13 IST" name="Default suite" finished-at="2024-10-01T21:16:12 IST" duration-ms="58666">
    <groups>
    </groups>
    <test started-at="2024-10-01T21:15:13 IST" name="Default test" finished-at="2024-10-01T21:16:12 IST" duration-ms="58666">
      <class name="test.EcommerceTest">
        <test-method is-config="true" signature="setup()[pri:0, instance:test.EcommerceTest@402bba4f]" started-at="2024-10-01T21:15:13 IST" name="setup" finished-at="2024-10-01T21:16:09 IST" duration-ms="55493" status="PASS">
          <reporter-output>
          </reporter-output>
        </test-method> <!-- setup -->
        <test-method signature="testPurchaseFlow()[pri:0, instance:test.EcommerceTest@402bba4f]" started-at="2024-10-01T21:16:09 IST" name="testPurchaseFlow" finished-at="2024-10-01T21:16:11 IST" duration-ms="2596" status="PASS">
          <reporter-output>
          </reporter-output>
        </test-method> <!-- testPurchaseFlow -->
        <test-method is-config="true" signature="tearDown()[pri:0, instance:test.EcommerceTest@402bba4f]" started-at="2024-10-01T21:16:11 IST" name="tearDown" finished-at="2024-10-01T21:16:12 IST" duration-ms="475" status="PASS">
          <reporter-output>
          </reporter-output>
        </test-method> <!-- tearDown -->
      </class> <!-- test.EcommerceTest -->
    </test> <!-- Default test -->
  </suite> <!-- Default suite -->
</testng-results>
